<?xml version="1.0" encoding="UTF-8"?>
<!-- Generated by org.testng.reporters.JUnitXMLReporter -->
<testsuite ignored="0" hostname="LT22108651" failures="0" tests="4" name="Default test" time="6.095" errors="0" timestamp="2024-05-30T17:26:00 IDT">
  <testcase classname="tests.LoginTestFailed" name="tc01_Login_Failed" time="0.394"/>
  <testcase classname="tests.LoginTestFailed" name="tc02_Login_Failed" time="0.228"/>
  <testcase classname="tests.LoginTestFailed" name="tc02_Login_Failed" time="0.212"/>
  <testcase classname="tests.LoginTestFailed" name="tc02_Login_Failed" time="0.209"/>
</testsuite> <!-- Default test -->
