<?xml version="1.0" encoding="UTF-8"?>
<!-- Generated by org.testng.reporters.JUnitXMLReporter -->
<testsuite ignored="0" hostname="LT22108651" failures="0" tests="4" name="Default test" time="17.874" errors="0" timestamp="2024-06-07T23:04:12 IDT">
  <testcase classname="tests.LoginTestFailedDDT" name="tc01_Login_Failed" time="0.422"/>
  <testcase classname="tests.LoginTestFailedDDT" name="tc02_Login_Failed" time="0.28"/>
  <testcase classname="tests.LoginTestFailedDDT" name="tc02_Login_Failed" time="0.272"/>
  <testcase classname="tests.LoginTestFailedDDT" name="tc02_Login_Failed" time="0.258"/>
</testsuite> <!-- Default test -->
