<?xml version="1.0" encoding="UTF-8"?>
<testng-results ignored="0" total="4" passed="4" failed="0" skipped="0">
  <reporter-output>
  </reporter-output>
  <suite started-at="2024-06-07T23:03:54 IDT" name="Default suite" finished-at="2024-06-07T23:04:12 IDT" duration-ms="17874">
    <groups>
    </groups>
    <test started-at="2024-06-07T23:03:54 IDT" name="Default test" finished-at="2024-06-07T23:04:12 IDT" duration-ms="17874">
      <class name="tests.LoginTestFailedDDT">
        <test-method is-config="true" signature="setUp()[pri:0, instance:tests.LoginTestFailedDDT@48974e45]" started-at="2024-06-07T23:03:54 IDT" name="setUp" finished-at="2024-06-07T23:04:10 IDT" duration-ms="15783" status="PASS">
          <reporter-output>
          </reporter-output>
        </test-method> <!-- setUp -->
        <test-method signature="tc01_Login_Failed()[pri:0, instance:tests.LoginTestFailedDDT@48974e45]" started-at="2024-06-07T23:04:10 IDT" name="tc01_Login_Failed" description="Case: locked out user" finished-at="2024-06-07T23:04:10 IDT" duration-ms="422" status="PASS">
          <reporter-output>
          </reporter-output>
        </test-method> <!-- tc01_Login_Failed -->
        <test-method signature="tc02_Login_Failed(java.lang.String, java.lang.String)[pri:0, instance:tests.LoginTestFailedDDT@48974e45]" started-at="2024-06-07T23:04:11 IDT" name="tc02_Login_Failed" description="Data Driven Test - Case: incorrect credentials" data-provider="getDataFromExcel" finished-at="2024-06-07T23:04:11 IDT" duration-ms="280" status="PASS">
          <params>
            <param index="0">
              <value>
                <![CDATA[user]]>
              </value>
            </param>
            <param index="1">
              <value>
                <![CDATA[secret_sauce]]>
              </value>
            </param>
          </params>
          <reporter-output>
          </reporter-output>
        </test-method> <!-- tc02_Login_Failed -->
        <test-method signature="tc02_Login_Failed(java.lang.String, java.lang.String)[pri:0, instance:tests.LoginTestFailedDDT@48974e45]" started-at="2024-06-07T23:04:11 IDT" name="tc02_Login_Failed" description="Data Driven Test - Case: incorrect credentials" data-provider="getDataFromExcel" finished-at="2024-06-07T23:04:11 IDT" duration-ms="272" status="PASS">
          <params>
            <param index="0">
              <value>
                <![CDATA[123]]>
              </value>
            </param>
            <param index="1">
              <value>
                <![CDATA[secret_sauce]]>
              </value>
            </param>
          </params>
          <reporter-output>
          </reporter-output>
        </test-method> <!-- tc02_Login_Failed -->
        <test-method signature="tc02_Login_Failed(java.lang.String, java.lang.String)[pri:0, instance:tests.LoginTestFailedDDT@48974e45]" started-at="2024-06-07T23:04:11 IDT" name="tc02_Login_Failed" description="Data Driven Test - Case: incorrect credentials" data-provider="getDataFromExcel" finished-at="2024-06-07T23:04:11 IDT" duration-ms="258" status="PASS">
          <params>
            <param index="0">
              <value>
                <![CDATA[standard_user]]>
              </value>
            </param>
            <param index="1">
              <value>
                <![CDATA[secret123]]>
              </value>
            </param>
          </params>
          <reporter-output>
          </reporter-output>
        </test-method> <!-- tc02_Login_Failed -->
        <test-method is-config="true" signature="tearDown()[pri:0, instance:tests.LoginTestFailedDDT@48974e45]" started-at="2024-06-07T23:04:11 IDT" name="tearDown" finished-at="2024-06-07T23:04:12 IDT" duration-ms="385" status="PASS">
          <reporter-output>
          </reporter-output>
        </test-method> <!-- tearDown -->
      </class> <!-- tests.LoginTestFailedDDT -->
    </test> <!-- Default test -->
  </suite> <!-- Default suite -->
</testng-results>
