<?xml version="1.0" encoding="UTF-8"?>
<testng-results ignored="0" total="4" passed="4" failed="0" skipped="0">
  <reporter-output>
  </reporter-output>
  <suite started-at="2024-05-30T17:25:54 IDT" name="Default suite" finished-at="2024-05-30T17:26:00 IDT" duration-ms="6095">
    <groups>
    </groups>
    <test started-at="2024-05-30T17:25:54 IDT" name="Default test" finished-at="2024-05-30T17:26:00 IDT" duration-ms="6095">
      <class name="tests.LoginTestFailed">
        <test-method is-config="true" signature="setUp()[pri:0, instance:tests.LoginTestFailed@6babf3bf]" started-at="2024-05-30T17:25:54 IDT" name="setUp" finished-at="2024-05-30T17:25:59 IDT" duration-ms="4775" status="PASS">
          <reporter-output>
          </reporter-output>
        </test-method> <!-- setUp -->
        <test-method signature="tc01_Login_Failed()[pri:0, instance:tests.LoginTestFailed@6babf3bf]" started-at="2024-05-30T17:25:59 IDT" name="tc01_Login_Failed" description="locked out user" finished-at="2024-05-30T17:25:59 IDT" duration-ms="394" status="PASS">
          <reporter-output>
          </reporter-output>
        </test-method> <!-- tc01_Login_Failed -->
        <test-method signature="tc02_Login_Failed(java.lang.String, java.lang.String)[pri:0, instance:tests.LoginTestFailed@6babf3bf]" started-at="2024-05-30T17:25:59 IDT" name="tc02_Login_Failed" description="use incorrect information" data-provider="getData" finished-at="2024-05-30T17:25:59 IDT" duration-ms="228" status="PASS">
          <params>
            <param index="0">
              <value>
                <![CDATA[user]]>
              </value>
            </param>
            <param index="1">
              <value>
                <![CDATA[secret_sauce]]>
              </value>
            </param>
          </params>
          <reporter-output>
          </reporter-output>
        </test-method> <!-- tc02_Login_Failed -->
        <test-method signature="tc02_Login_Failed(java.lang.String, java.lang.String)[pri:0, instance:tests.LoginTestFailed@6babf3bf]" started-at="2024-05-30T17:25:59 IDT" name="tc02_Login_Failed" description="use incorrect information" data-provider="getData" finished-at="2024-05-30T17:26:00 IDT" duration-ms="212" status="PASS">
          <params>
            <param index="0">
              <value>
                <![CDATA[123]]>
              </value>
            </param>
            <param index="1">
              <value>
                <![CDATA[secret_sauce]]>
              </value>
            </param>
          </params>
          <reporter-output>
          </reporter-output>
        </test-method> <!-- tc02_Login_Failed -->
        <test-method signature="tc02_Login_Failed(java.lang.String, java.lang.String)[pri:0, instance:tests.LoginTestFailed@6babf3bf]" started-at="2024-05-30T17:26:00 IDT" name="tc02_Login_Failed" description="use incorrect information" data-provider="getData" finished-at="2024-05-30T17:26:00 IDT" duration-ms="209" status="PASS">
          <params>
            <param index="0">
              <value>
                <![CDATA[standard_user]]>
              </value>
            </param>
            <param index="1">
              <value>
                <![CDATA[secret123]]>
              </value>
            </param>
          </params>
          <reporter-output>
          </reporter-output>
        </test-method> <!-- tc02_Login_Failed -->
        <test-method is-config="true" signature="tearDown()[pri:0, instance:tests.LoginTestFailed@6babf3bf]" started-at="2024-05-30T17:26:00 IDT" name="tearDown" finished-at="2024-05-30T17:26:00 IDT" duration-ms="244" status="PASS">
          <reporter-output>
          </reporter-output>
        </test-method> <!-- tearDown -->
      </class> <!-- tests.LoginTestFailed -->
    </test> <!-- Default test -->
  </suite> <!-- Default suite -->
</testng-results>
